c:\users\sara1\desktop\cmpt466\cmpt466-888 program assignment 1\cmpt466-888 program assignment 1\build\x64\debug\vc141.pdb
c:\users\sara1\desktop\cmpt466\cmpt466-888 program assignment 1\cmpt466-888 program assignment 1\build\x64\debug\vc141.idb
c:\users\sara1\desktop\cmpt466\cmpt466-888 program assignment 1\cmpt466-888 program assignment 1\build\x64\debug\main.obj
c:\users\sara1\desktop\cmpt466\cmpt466-888 program assignment 1\cmpt466-888 program assignment 1\build\x64\debug\vertexarray.obj
c:\users\sara1\desktop\cmpt466\cmpt466-888 program assignment 1\cmpt466-888 program assignment 1\build\x64\debug\forwardkinematic.obj
c:\users\sara1\desktop\cmpt466\cmpt466-888 program assignment 1\cmpt466-888 program assignment 1\build\x64\debug\vertexbuffer.obj
c:\users\sara1\desktop\cmpt466\cmpt466-888 program assignment 1\cmpt466-888 program assignment 1\build\x64\debug\indexbuffer.obj
c:\users\sara1\desktop\cmpt466\cmpt466-888 program assignment 1\cmpt466-888 program assignment 1\build\x64\debug\shader.obj
c:\users\sara1\desktop\cmpt466\cmpt466-888 program assignment 1\cmpt466-888 program assignment 1\build\x64\debug\renderer.obj
c:\users\sara1\desktop\cmpt466\cmpt466-888 program assignment 1\cmpt466-888 program assignment 1\build\x64\debug\cmpt466 program assignment 1.exe
c:\users\sara1\desktop\cmpt466\cmpt466-888 program assignment 1\cmpt466-888 program assignment 1\build\x64\debug\cmpt466 program assignment 1.ilk
c:\users\sara1\desktop\cmpt466\cmpt466-888 program assignment 1\cmpt466-888 program assignment 1\build\x64\debug\cmpt466 program assignment 1.pdb
c:\users\sara1\desktop\cmpt466\cmpt466-888 program assignment 1\cmpt466-888 program assignment 1\build\x64\debug\forwardkinematic.obj.enc
c:\users\sara1\desktop\cmpt466\cmpt466-888 program assignment 1\cmpt466-888 program assignment 1\build\x64\debug\cmpt466 program assignment 2.ilk
c:\users\sara1\desktop\cmpt466\cmpt466-888 program assignment 1\cmpt466-888 program assignment 1\build\x64\debug\cmpt466 program assignment 2.pdb
c:\users\sara1\desktop\cmpt466\cmpt466-888 program assignment 1\cmpt466-888 program assignment 1\build\x64\debug\cmpt466 .fc5de316.tlog\cl.command.1.tlog
c:\users\sara1\desktop\cmpt466\cmpt466-888 program assignment 1\cmpt466-888 program assignment 1\build\x64\debug\cmpt466 .fc5de316.tlog\cl.read.1.tlog
c:\users\sara1\desktop\cmpt466\cmpt466-888 program assignment 1\cmpt466-888 program assignment 1\build\x64\debug\cmpt466 .fc5de316.tlog\cl.write.1.tlog
c:\users\sara1\desktop\cmpt466\cmpt466-888 program assignment 1\cmpt466-888 program assignment 1\build\x64\debug\cmpt466 .fc5de316.tlog\link.command.1.tlog
c:\users\sara1\desktop\cmpt466\cmpt466-888 program assignment 1\cmpt466-888 program assignment 1\build\x64\debug\cmpt466 .fc5de316.tlog\link.read.1.tlog
c:\users\sara1\desktop\cmpt466\cmpt466-888 program assignment 1\cmpt466-888 program assignment 1\build\x64\debug\cmpt466 .fc5de316.tlog\link.write.1.tlog
