  ForwardKinematic.cpp
c:\users\melon\desktop\school\fall2019\cmpt466\assignment\cmpt466-985 program assignment 1\build\forwardkinematic.cpp(228): warning C4267: 'argument': conversion from 'size_t' to 'const _Ty', possible loss of data
          with
          [
              _Ty=unsigned int
          ]
c:\users\melon\desktop\school\fall2019\cmpt466\assignment\cmpt466-985 program assignment 1\build\forwardkinematic.cpp(229): warning C4267: 'argument': conversion from 'size_t' to 'const _Ty', possible loss of data
          with
          [
              _Ty=unsigned int
          ]
c:\users\melon\desktop\school\fall2019\cmpt466\assignment\cmpt466-985 program assignment 1\build\forwardkinematic.cpp(230): warning C4267: 'argument': conversion from 'size_t' to '_Ty', possible loss of data
          with
          [
              _Ty=unsigned int
          ]
c:\users\melon\desktop\school\fall2019\cmpt466\assignment\cmpt466-985 program assignment 1\build\forwardkinematic.cpp(231): warning C4267: 'argument': conversion from 'size_t' to 'const _Ty', possible loss of data
          with
          [
              _Ty=unsigned int
          ]
c:\users\melon\desktop\school\fall2019\cmpt466\assignment\cmpt466-985 program assignment 1\build\forwardkinematic.cpp(232): warning C4267: 'argument': conversion from 'size_t' to '_Ty', possible loss of data
          with
          [
              _Ty=unsigned int
          ]
c:\users\melon\desktop\school\fall2019\cmpt466\assignment\cmpt466-985 program assignment 1\build\forwardkinematic.cpp(233): warning C4267: 'argument': conversion from 'size_t' to 'const _Ty', possible loss of data
          with
          [
              _Ty=unsigned int
          ]
c:\users\melon\desktop\school\fall2019\cmpt466\assignment\cmpt466-985 program assignment 1\build\forwardkinematic.cpp(234): warning C4267: 'argument': conversion from 'size_t' to '_Ty', possible loss of data
          with
          [
              _Ty=unsigned int
          ]
c:\users\melon\desktop\school\fall2019\cmpt466\assignment\cmpt466-985 program assignment 1\build\forwardkinematic.cpp(237): warning C4267: 'argument': conversion from 'size_t' to 'unsigned int', possible loss of data
c:\users\melon\desktop\school\fall2019\cmpt466\assignment\cmpt466-985 program assignment 1\build\forwardkinematic.cpp(238): warning C4267: 'argument': conversion from 'size_t' to 'unsigned int', possible loss of data
c:\users\melon\desktop\school\fall2019\cmpt466\assignment\cmpt466-985 program assignment 1\build\forwardkinematic.cpp(239): warning C4267: 'argument': conversion from 'size_t' to 'unsigned int', possible loss of data
c:\users\melon\desktop\school\fall2019\cmpt466\assignment\cmpt466-985 program assignment 1\build\forwardkinematic.cpp(281): warning C4267: 'argument': conversion from 'size_t' to 'const _Ty', possible loss of data
          with
          [
              _Ty=unsigned int
          ]
c:\users\melon\desktop\school\fall2019\cmpt466\assignment\cmpt466-985 program assignment 1\build\forwardkinematic.cpp(284): warning C4267: 'argument': conversion from 'size_t' to 'unsigned int', possible loss of data
c:\users\melon\desktop\school\fall2019\cmpt466\assignment\cmpt466-985 program assignment 1\build\forwardkinematic.cpp(285): warning C4267: 'argument': conversion from 'size_t' to 'unsigned int', possible loss of data
c:\users\melon\desktop\school\fall2019\cmpt466\assignment\cmpt466-985 program assignment 1\build\forwardkinematic.cpp(463): warning C4244: '=': conversion from 'double' to 'float', possible loss of data
c:\users\melon\desktop\school\fall2019\cmpt466\assignment\cmpt466-985 program assignment 1\build\forwardkinematic.cpp(469): warning C4244: '=': conversion from 'double' to 'float', possible loss of data
c:\users\melon\desktop\school\fall2019\cmpt466\assignment\cmpt466-985 program assignment 1\build\forwardkinematic.cpp(475): warning C4244: '=': conversion from 'double' to 'float', possible loss of data
c:\users\melon\desktop\school\fall2019\cmpt466\assignment\cmpt466-985 program assignment 1\build\forwardkinematic.cpp(575): warning C4715: 'ForwardKinematic::loadFrameData': not all control paths return a value
c:\users\melon\desktop\school\fall2019\cmpt466\assignment\cmpt466-985 program assignment 1\build\forwardkinematic.cpp(503): warning C4715: 'ForwardKinematic::loadHiarachy': not all control paths return a value
  CMPT466 Program Assignment 1.vcxproj -> C:\Users\melon\Desktop\SCHOOL\Fall2019\CMPT466\Assignment\CMPT466-985 Program Assignment 1\build\x64\Debug\CMPT466 Program Assignment 1.exe
